0 silly argv {
0 silly argv   _: [ 'version' ],
0 silly argv   lernaVersion: '5.1.1',
0 silly argv   '$0': 'lerna',
0 silly argv   bump: 'patch'
0 silly argv }
1 notice cli v5.1.1
2 verbose rootPath /Users/jirihofman/prace/clientio/lerna-poc/app
3 info current version 0.0.0
4 silly isAnythingCommitted
5 verbose isAnythingCommitted 1
6 silly getCurrentBranch
7 verbose currentBranch master
8 silly remoteBranchExists
9 silly isBehindUpstream
10 error Error: Command failed with exit code 1: git remote update
10 error fatal: 'upstream' does not appear to be a git repository
10 error fatal: Could not read from remote repository.
10 error
10 error Please make sure you have the correct access rights
10 error and the repository exists.
10 error error: Could not fetch upstream
10 error Fetching upstream
10 error Fetching origin
10 error     at makeError (/Users/jirihofman/prace/clientio/lerna-poc/app/node_modules/execa/lib/error.js:60:11)
10 error     at Function.module.exports.sync (/Users/jirihofman/prace/clientio/lerna-poc/app/node_modules/execa/index.js:194:17)
10 error     at Object.execSync (/Users/jirihofman/prace/clientio/lerna-poc/app/node_modules/@lerna/child-process/index.js:39:16)
10 error     at updateRemote (/Users/jirihofman/prace/clientio/lerna-poc/app/node_modules/@lerna/version/lib/is-behind-upstream.js:34:16)
10 error     at isBehindUpstream (/Users/jirihofman/prace/clientio/lerna-poc/app/node_modules/@lerna/version/lib/is-behind-upstream.js:16:3)
10 error     at VersionCommand.initialize (/Users/jirihofman/prace/clientio/lerna-poc/app/node_modules/@lerna/version/index.js:153:9)
